<?xml version="1.0" encoding="UTF-8"?>
<testng-results total="2" passed="2" failed="0" skipped="0">
  <reporter-output>
  </reporter-output>
  <suite started-at="2020-09-11T11:55:21Z" name="Default suite" finished-at="2020-09-11T11:55:27Z" duration-ms="5423">
    <groups>
    </groups>
    <test started-at="2020-09-11T11:55:21Z" name="Default test" finished-at="2020-09-11T11:55:27Z" duration-ms="5423">
      <class name="Promise_Test.test1">
        <test-method is-config="true" signature="login_fun()[pri:0, instance:Promise_Test.test1@658c5a19]" started-at="2020-09-11T17:25:21Z" name="login_fun" finished-at="2020-09-11T17:25:27Z" duration-ms="5400" status="PASS">
          <reporter-output>
          </reporter-output>
        </test-method> <!-- login_fun -->
        <test-method signature="add_promise()[pri:1, instance:Promise_Test.test1@658c5a19]" started-at="2020-09-11T17:25:27Z" name="add_promise" finished-at="2020-09-11T17:25:27Z" duration-ms="9" status="PASS">
          <reporter-output>
          </reporter-output>
        </test-method> <!-- add_promise -->
        <test-method signature="verify_promise()[pri:2, instance:Promise_Test.test1@658c5a19]" started-at="2020-09-11T17:25:27Z" name="verify_promise" finished-at="2020-09-11T17:25:27Z" duration-ms="1" status="PASS">
          <reporter-output>
          </reporter-output>
        </test-method> <!-- verify_promise -->
        <test-method is-config="true" signature="logout()[pri:0, instance:Promise_Test.test1@658c5a19]" started-at="2020-09-11T17:25:27Z" name="logout" finished-at="2020-09-11T17:25:27Z" duration-ms="1" status="PASS">
          <reporter-output>
          </reporter-output>
        </test-method> <!-- logout -->
      </class> <!-- Promise_Test.test1 -->
    </test> <!-- Default test -->
  </suite> <!-- Default suite -->
</testng-results>
